iUser/build/intermediates/manifest_merge_blame_file/debug/manifest-merger-blame-debug-report.txt
1<?xml version="1.0" encoding="utf-8"?>
2<manifest xmlns:android="http://schemas.android.com/apk/res/android"
3    package="com.chachaup.iuser"
4    android:versionCode="1"
5    android:versionName="1.0" >
6
7    <uses-sdk
8        android:minSdkVersion="30"
8-->src/main/AndroidManifest.xml
9        android:targetSdkVersion="32" />
9-->src/main/AndroidManifest.xml
10
11    <application
11-->src/main/AndroidManifest.xml:4:5-24:19
12        android:allowBackup="true"
12-->src/main/AndroidManifest.xml:5:9-35
13        android:appComponentFactory="androidx.core.app.CoreComponentFactory"
13-->[androidx.core:core:1.8.0] AndroidManifest.xml:24:18-86
14        android:debuggable="true"
15        android:extractNativeLibs="false"
16        android:icon="@mipmap/ic_launcher"
16-->src/main/AndroidManifest.xml:6:9-43
17        android:label="@string/app_name"
17-->src/main/AndroidManifest.xml:7:9-41
18        android:roundIcon="@mipmap/ic_launcher_round"
18-->src/main/AndroidManifest.xml:8:9-54
19        android:supportsRtl="true"
19-->src/main/AndroidManifest.xml:9:9-35
20        android:testOnly="true"
21        android:theme="@style/Theme.IPlant" >
21-->src/main/AndroidManifest.xml:10:9-44
22        <activity
22-->src/main/AndroidManifest.xml:11:9-23:20
23            android:name="com.chachaup.iuser.MainActivity"
23-->src/main/AndroidManifest.xml:12:13-41
24            android:exported="true" >
24-->src/main/AndroidManifest.xml:13:13-36
25            <intent-filter>
25-->src/main/AndroidManifest.xml:14:13-18:29
26                <action android:name="android.intent.action.MAIN" />
26-->src/main/AndroidManifest.xml:15:17-69
26-->src/main/AndroidManifest.xml:15:25-66
27
28                <category android:name="android.intent.category.LAUNCHER" />
28-->src/main/AndroidManifest.xml:17:17-77
28-->src/main/AndroidManifest.xml:17:27-74
29            </intent-filter>
30
31            <meta-data
31-->src/main/AndroidManifest.xml:20:13-22:36
32                android:name="android.app.lib_name"
32-->src/main/AndroidManifest.xml:21:17-52
33                android:value="" />
33-->src/main/AndroidManifest.xml:22:17-33
34        </activity>
35
36        <uses-library
36-->[androidx.window:window:1.0.0] AndroidManifest.xml:25:9-27:40
37            android:name="androidx.window.extensions"
37-->[androidx.window:window:1.0.0] AndroidManifest.xml:26:13-54
38            android:required="false" />
38-->[androidx.window:window:1.0.0] AndroidManifest.xml:27:13-37
39        <uses-library
39-->[androidx.window:window:1.0.0] AndroidManifest.xml:28:9-30:40
40            android:name="androidx.window.sidecar"
40-->[androidx.window:window:1.0.0] AndroidManifest.xml:29:13-51
41            android:required="false" />
41-->[androidx.window:window:1.0.0] AndroidManifest.xml:30:13-37
42
43        <provider
43-->[androidx.emoji2:emoji2:1.2.0] AndroidManifest.xml:24:9-32:20
44            android:name="androidx.startup.InitializationProvider"
44-->[androidx.emoji2:emoji2:1.2.0] AndroidManifest.xml:25:13-67
45            android:authorities="com.chachaup.iuser.androidx-startup"
45-->[androidx.emoji2:emoji2:1.2.0] AndroidManifest.xml:26:13-68
46            android:exported="false" >
46-->[androidx.emoji2:emoji2:1.2.0] AndroidManifest.xml:27:13-37
47            <meta-data
47-->[androidx.emoji2:emoji2:1.2.0] AndroidManifest.xml:29:13-31:52
48                android:name="androidx.emoji2.text.EmojiCompatInitializer"
48-->[androidx.emoji2:emoji2:1.2.0] AndroidManifest.xml:30:17-75
49                android:value="androidx.startup" />
49-->[androidx.emoji2:emoji2:1.2.0] AndroidManifest.xml:31:17-49
50            <meta-data
50-->[androidx.lifecycle:lifecycle-process:2.4.1] AndroidManifest.xml:31:13-33:52
51                android:name="androidx.lifecycle.ProcessLifecycleInitializer"
51-->[androidx.lifecycle:lifecycle-process:2.4.1] AndroidManifest.xml:32:17-78
52                android:value="androidx.startup" />
52-->[androidx.lifecycle:lifecycle-process:2.4.1] AndroidManifest.xml:33:17-49
53        </provider>
54    </application>
55
56</manifest>